<?xml version="1.0" encoding="UTF-8"?>
<!-- Generated by org.testng.reporters.JUnitXMLReporter -->
<testsuite hostname="frida-VirtualBox" name="Surefire test" tests="6" failures="0" timestamp="18 Mar 2021 09:18:39 GMT" time="0.106" errors="0">
  <testcase name="testDivisionZero on testDivisionZero(com.nackademin.frida_wessely_assignment02.BasicCalculatorTest)" time="0.014" classname="com.nackademin.frida_wessely_assignment02.BasicCalculatorTest"/>
  <testcase name="testMultiplication on testMultiplication(com.nackademin.frida_wessely_assignment02.BasicCalculatorTest)" time="0.007" classname="com.nackademin.frida_wessely_assignment02.BasicCalculatorTest"/>
  <testcase name="testAddition on testAddition(com.nackademin.frida_wessely_assignment02.BasicCalculatorTest)" time="0.01" classname="com.nackademin.frida_wessely_assignment02.BasicCalculatorTest"/>
  <testcase name="testDivision on testDivision(com.nackademin.frida_wessely_assignment02.BasicCalculatorTest)" time="0.003" classname="com.nackademin.frida_wessely_assignment02.BasicCalculatorTest"/>
  <testcase name="testSubtraction on testSubtraction(com.nackademin.frida_wessely_assignment02.BasicCalculatorTest)" time="0.004" classname="com.nackademin.frida_wessely_assignment02.BasicCalculatorTest"/>
  <testcase name="testAbsolutValue on testAbsolutValue(com.nackademin.frida_wessely_assignment02.AdvancedCalculatorTest)" time="0.011" classname="com.nackademin.frida_wessely_assignment02.AdvancedCalculatorTest"/>
</testsuite> <!-- Surefire test -->
